============================= test session starts =============================
platform win32 -- Python 3.14.0, pytest-9.0.2, pluggy-1.6.0
rootdir: D:\code\tradingBot
configfile: pytest.ini
plugins: asyncio-1.3.0, cov-7.0.0, mock-3.15.1
asyncio: mode=Mode.AUTO, debug=False, asyncio_default_fixture_loop_scope=function, asyncio_default_test_loop_scope=function
collected 4 items

tests\test_multi_account_logic.py ....                                   [100%]

============================== 4 passed in 0.72s ==============================
